[2011-12-03 20:11:12]
#    ?      ?      ?      ?      ?      ?      ?      ?      ?      ?      ?      ?      ?      ?      ?      ?      ?      ?      ?      ?   
#    ?      ?      ?      ?      ?      ?      ?      ?      ?      ?      ?      ?      ?      ?      ?      ?      ?      ?      ?      ?   
#    ?      ?      ?      ?      ?      ?      ?      ?      ?      ?      ?      ?      ?      ?      ?      ?      ?      ?      ?      ?   
#    ?      ?      ?      ?      ?      ?    (  4set([(6, 5)]))  (  5set([(6, 5)]))  (  6set([(6, 5)]))  (  7set([(6, 5)]))  (  8set([(6, 5)]))  (  9set([(6, 5)]))    ?      ?      ?      ?      ?      ?      ?      ?   
#    ?      ?      ?      ?    (  3set([(6, 5)]))  (  2set([(6, 5)]))  (  3set([(6, 5)]))  (  4set([(6, 5)]))  (  5set([(6, 5)]))  (  6set([(6, 5)]))  (  7set([(6, 5)]))  (  8set([(6, 5)]))  (  9set([(6, 5)]))  ( 10set([(6, 5)]))    ?      ?      ?      ?      ?      ?   
#    ?      ?      ?    (  3set([(6, 5)]))  (  2set([(6, 5)]))  (  1set([(6, 5)]))  (  2set([(6, 5)]))  (  3set([(6, 5)]))  (  4set([(6, 5)]))  (  5set([(6, 5)]))  (  6set([(6, 5)]))  (  7set([(6, 5)]))  (  8set([(6, 5)]))  (  9set([(6, 5)]))  ( 10set([(6, 5)]))    ?      ?      ?      ?      ?   
#    ?      ?    (  3set([(6, 5)]))  (  2set([(6, 5)]))  (  1set([(6, 5)]))  (  0set([(6, 5)]))  (  1set([(6, 5)]))  (  2set([(6, 5)]))  (  3set([(6, 5)]))  (  4set([(6, 5)]))  (  5set([(6, 5)]))  (  6set([(6, 5)]))  (  7set([(6, 5)]))  (  8set([(6, 5)]))  (  9set([(6, 5)]))  ( 10set([(6, 5)]))    ?      ?      ?      ?   
#    ?      ?    (  4set([(6, 5)]))  (  3set([(6, 5)]))  (  2set([(6, 5)]))  (  1set([(6, 5)]))    ?    (  3set([(6, 5)]))  (  4set([(6, 5)]))  (  5set([(6, 5)]))  (  6set([(6, 5)]))  (  7set([(6, 5)]))  (  8set([(6, 5)]))  (  9set([(6, 5)]))  ( 10set([(6, 5)]))    ?      ?      ?      ?      ?   
#    ?    (  6set([(6, 5)]))  (  5set([(6, 5)]))  (  4set([(6, 5)]))  (  3set([(6, 5)]))  (  2set([(6, 5)]))  (  3set([(6, 5)]))  (  4set([(6, 5)]))  (  5set([(6, 5)]))  (  6set([(6, 5)]))  (  7set([(6, 5)]))  (  8set([(6, 5)]))  (  9set([(6, 5)]))  ( 10set([(6, 5)]))    ?      ?      ?      ?      ?      ?   
#    ?    (  7set([(6, 5)]))  (  6set([(6, 5)]))  (  5set([(6, 5)]))  (  4set([(6, 5)]))  (  3set([(6, 5)]))  (  4set([(6, 5)]))  (  5set([(6, 5)]))  (  6set([(6, 5)]))  (  7set([(6, 5)]))  (  8set([(6, 5)]))  (  9set([(6, 5)]))  ( 10set([(6, 5)]))    ?      ?      ?      ?      ?      ?      ?   
#    ?    (  8set([(6, 5)]))  (  7set([(6, 5)]))  (  6set([(6, 5)]))  (  5set([(6, 5)]))  (  4set([(6, 5)]))  (  5set([(6, 5)]))  (  6set([(6, 5)]))  (  7set([(6, 5)]))  (  8set([(6, 5)]))  (  9set([(6, 5)]))  ( 10set([(6, 5)]))    ?      ?      ?      ?      ?      ?      ?      ?   
#    ?    (  9set([(6, 5)]))  (  8set([(6, 5)]))  (  7set([(6, 5)]))  (  6set([(6, 5)]))  (  5set([(6, 5)]))  (  6set([(6, 5)]))  (  7set([(6, 5)]))  (  8set([(6, 5)]))  (  9set([(6, 5)]))  ( 10set([(6, 5)]))    ?      ?      ?      ?      ?      ?      ?      ?      ?   
#    ?    ( 10set([(6, 5)]))  (  9set([(6, 5)]))  (  8set([(6, 5)]))  (  7set([(6, 5)]))  (  6set([(6, 5)]))  (  7set([(6, 5)]))  (  8set([(6, 5)]))  (  9set([(6, 5)]))  ( 10set([(6, 5)]))    ?      ?      ?      ?      ?      ?      ?      ?      ?      ?   
#    ?      ?    ( 10set([(6, 5)]))  (  9set([(6, 5)]))  (  8set([(6, 5)]))  (  7set([(6, 5)]))  (  8set([(6, 5)]))  (  9set([(6, 5)]))  ( 10set([(6, 5)]))    ?      ?      ?      ?      ?      ?      ?      ?      ?      ?      ?   
#    ?      ?      ?    ( 10set([(6, 5)]))  (  9set([(6, 5)]))  (  8set([(6, 5)]))  (  9set([(6, 5)]))  ( 10set([(6, 5)]))    ?      ?      ?      ?      ?      ?      ?      ?      ?      ?      ?      ?   
#    ?      ?      ?      ?    ( 10set([(6, 5)]))  (  9set([(6, 5)]))  ( 10set([(6, 5)]))    ?      ?      ?      ?      ?      ?      ?      ?      ?      ?      ?      ?      ?   
#    ?      ?      ?      ?      ?    ( 10set([(6, 5)]))    ?      ?      ?      ?      ?      ?      ?      ?      ?      ?      ?      ?      ?      ?   
#    ?      ?      ?      ?      ?      ?      ?      ?      ?      ?      ?      ?      ?      ?      ?      ?      ?      ?      ?      ?   
#    ?      ?      ?      ?      ?      ?      ?      ?      ?      ?      ?      ?      ?      ?      ?      ?      ?      ?      ?      ?   
#    ?      ?      ?      ?      ?      ?      ?      ?      ?      ?      ?      ?      ?      ?      ?      ?      ?      ?      ?      ?   


